<?xml version="1.0" encoding="UTF-8"?>
<testng-results ignored="0" total="1" passed="1" failed="0" skipped="0">
  <reporter-output>
  </reporter-output>
  <suite started-at="2024-04-23T16:09:07 IST" name="Default suite" finished-at="2024-04-23T16:09:16 IST" duration-ms="9453">
    <groups>
    </groups>
    <test started-at="2024-04-23T16:09:07 IST" name="Default test" finished-at="2024-04-23T16:09:16 IST" duration-ms="9453">
      <class name="cart.p1">
        <test-method signature="report()[pri:0, instance:cart.p1@5c33f1a9]" started-at="2024-04-23T16:09:07 IST" name="report" finished-at="2024-04-23T16:09:16 IST" duration-ms="9354" status="PASS">
          <reporter-output>
          </reporter-output>
        </test-method> <!-- report -->
      </class> <!-- cart.p1 -->
    </test> <!-- Default test -->
  </suite> <!-- Default suite -->
</testng-results>
